#
# There is insufficient memory for the Java Runtime Environment to continue.
# Native memory allocation (mmap) failed to map 266338304 bytes for G1 virtual space
# Possible reasons:
#   The system is out of physical RAM or swap space
#   The process is running with CompressedOops enabled, and the Java Heap may be blocking the growth of the native heap
# Possible solutions:
#   Reduce memory load on the system
#   Increase physical memory or swap space
#   Check if swap backing store is full
#   Decrease Java heap size (-Xmx/-Xms)
#   Decrease number of Java threads
#   Decrease Java thread stack sizes (-Xss)
#   Set larger code cache with -XX:ReservedCodeCacheSize=
#   JVM is running with Zero Based Compressed Oops mode in which the Java heap is
#     placed in the first 32GB address space. The Java Heap base address is the
#     maximum limit for the native heap growth. Please use -XX:HeapBaseMinAddress
#     to set the Java Heap base and to place the Java Heap above 32GB virtual address.
# This output file may be truncated or incomplete.
#
#  Out of Memory Error (os_windows.cpp:3771), pid=13656, tid=26764
#
# JRE version:  (17.0.7) (build )
# Java VM: OpenJDK 64-Bit Server VM (17.0.7+0-b2043.56-10550314, mixed mode, sharing, tiered, compressed oops, compressed class ptrs, g1 gc, windows-amd64)
# No core dump will be written. Minidumps are not enabled by default on client versions of Windows
#

---------------  S U M M A R Y ------------

Command Line: org.jetbrains.kotlin.cli.jvm.K2JVMCompiler @E:\Apps\kulinar\app\build\20240406_14611902000439490604.compiler.options

Host: 11th Gen Intel(R) Core(TM) i5-11400H @ 2.70GHz, 12 cores, 15G,  Windows 11 , 64 bit Build 22621 (10.0.22621.3235)
Time: Sat Apr  6 17:29:50 2024 RTZ 2 (s 11 , 64 bit Build 22621 (10.0.22621.3235) elapsed time: 0.007274 seconds (0d 0h 0m 0s)

---------------  T H R E A D  ---------------

Current thread (0x0000026c9a534700):  JavaThread "Unknown thread" [_thread_in_vm, id=26764, stack(0x0000008e5f600000,0x0000008e5f700000)]

Stack: [0x0000008e5f600000,0x0000008e5f700000]
Native frames: (J=compiled Java code, j=interpreted, Vv=VM code, C=native code)
V  [jvm.dll+0x683bfa]
V  [jvm.dll+0x8430a4]
V  [jvm.dll+0x8449be]
V  [jvm.dll+0x845023]
V  [jvm.dll+0x24ad2f]
V  [jvm.dll+0x680ac9]
V  [jvm.dll+0x67519a]
V  [jvm.dll+0x30b3cb]
V  [jvm.dll+0x312876]
V  [jvm.dll+0x36221e]
V  [jvm.dll+0x36244f]
V  [jvm.dll+0x2e14a8]
V  [jvm.dll+0x2e2414]
V  [jvm.dll+0x814391]
V  [jvm.dll+0x36ffe1]
V  [jvm.dll+0x7f396c]
V  [jvm.dll+0x3f305f]
V  [jvm.dll+0x3f4b91]
C  [jli.dll+0x528f]
C  [ucrtbase.dll+0x29363]
C  [KERNEL32.DLL+0x1257d]
C  [ntdll.dll+0x5aa58]


---------------  P R O C E S S  ---------------

Threads class SMR info:
_java_thread_list=0x00007ff9c311d098, length=0, elements={
}

Java Threads: ( => current thread )

Other Threads:
  0x0000026c9a5a0670 GCTaskThread "GC Thread#0" [stack: 0x0000008e5f700000,0x0000008e5f800000] [id=2216]
  0x0000026c9a5b1240 ConcurrentGCThread "G1 Main Marker" [stack: 0x0000008e5f800000,0x0000008e5f900000] [id=30772]
  0x0000026c9a5b1c50 ConcurrentGCThread "G1 Conc#0" [stack: 0x0000008e5f900000,0x0000008e5fa00000] [id=23676]

[error occurred during error reporting (printing all threads), id 0xc0000005, EXCEPTION_ACCESS_VIOLATION (0xc0000005) at pc=0x00007ff9c28d2087]

VM state: not at safepoint (not fully initialized)

VM Mutex/Monitor currently owned by a thread:  ([mutex/lock_event])
[0x0000026c9a530230] Heap_lock - owner thread: 0x0000026c9a534700

Heap address: 0x0000000703600000, size: 4042 MB, Compressed Oops mode: Zero based, Oop shift amount: 3

CDS archive(s) mapped at: [0x0000000000000000-0x0000000000000000-0x0000000000000000), size 0, SharedBaseAddress: 0x0000000800000000, ArchiveRelocationMode: 0.
Narrow klass base: 0x0000000000000000, Narrow klass shift: 0, Narrow klass range: 0x0

GC Precious Log:
<Empty>

Heap:
 garbage-first heap   total 0K, used 0K [0x0000000703600000, 0x0000000800000000)
  region size 2048K, 0 young (0K), 0 survivors (0K)
 Metaspace       used 0K, committed 0K, reserved 0K
  class space    used 0K, committed 0K, reserved 0K

Heap Regions: E=young(eden), S=young(survivor), O=old, HS=humongous(starts), HC=humongous(continues), CS=collection set, F=free, OA=open archive, CA=closed archive, TAMS=top-at-mark-start (previous, next)

Card table byte_map: [0x0000026caf680000,0x0000026cafe70000] _byte_map_base: 0x0000026cabe65000

Marking Bits (Prev, Next): (CMBitMap*) 0x0000026c9a5a0c80, (CMBitMap*) 0x0000026c9a5a0cc0
 Prev Bits: [0x0000026cb0660000, 0x0000026cb4588000)
 Next Bits: [0x0000026cb4590000, 0x0000026cb84b8000)

GC Heap History (0 events):
No events

Dll operation events (1 events):
Event: 0.005 Loaded shared library C:\Program Files\Android\Android Studio\jbr\bin\java.dll

Deoptimization events (0 events):
No events

Classes unloaded (0 events):
No events

Classes redefined (0 events):
No events

Internal exceptions (0 events):
No events

VM Operations (0 events):
No events

Events (0 events):
No events


Dynamic libraries:
0x00007ff71b410000 - 0x00007ff71b41a000 	C:\Program Files\Android\Android Studio\jbr\bin\java.exe
0x00007ffa24450000 - 0x00007ffa24666000 	C:\WINDOWS\SYSTEM32\ntdll.dll
0x00007ff9f3fc0000 - 0x00007ff9f3fd9000 	C:\Program Files\Avast Software\Avast\aswhook.dll
0x00007ffa223c0000 - 0x00007ffa22484000 	C:\WINDOWS\System32\KERNEL32.DLL
0x00007ffa21df0000 - 0x00007ffa22196000 	C:\WINDOWS\System32\KERNELBASE.dll
0x00007ffa21930000 - 0x00007ffa21a41000 	C:\WINDOWS\System32\ucrtbase.dll
0x00007ffa165d0000 - 0x00007ffa165e7000 	C:\Program Files\Android\Android Studio\jbr\bin\jli.dll
0x00007ffa01530000 - 0x00007ffa0154b000 	C:\Program Files\Android\Android Studio\jbr\bin\VCRUNTIME140.dll
0x00007ffa23e90000 - 0x00007ffa2403d000 	C:\WINDOWS\System32\USER32.dll
0x00007ff9fc850000 - 0x00007ff9fcae3000 	C:\WINDOWS\WinSxS\amd64_microsoft.windows.common-controls_6595b64144ccf1df_6.0.22621.3235_none_270f74e173860f98\COMCTL32.dll
0x00007ffa21dc0000 - 0x00007ffa21de6000 	C:\WINDOWS\System32\win32u.dll
0x00007ffa23b30000 - 0x00007ffa23bd7000 	C:\WINDOWS\System32\msvcrt.dll
0x00007ffa222e0000 - 0x00007ffa22309000 	C:\WINDOWS\System32\GDI32.dll
0x00007ffa21af0000 - 0x00007ffa21c08000 	C:\WINDOWS\System32\gdi32full.dll
0x00007ffa21a50000 - 0x00007ffa21aea000 	C:\WINDOWS\System32\msvcp_win.dll
0x00007ffa22f10000 - 0x00007ffa22f41000 	C:\WINDOWS\System32\IMM32.DLL
0x00007ffa15b50000 - 0x00007ffa15b5c000 	C:\Program Files\Android\Android Studio\jbr\bin\vcruntime140_1.dll
0x00007ff9f2b00000 - 0x00007ff9f2b8d000 	C:\Program Files\Android\Android Studio\jbr\bin\msvcp140.dll
0x00007ff9c25e0000 - 0x00007ff9c3260000 	C:\Program Files\Android\Android Studio\jbr\bin\server\jvm.dll
0x00007ffa23c00000 - 0x00007ffa23cb2000 	C:\WINDOWS\System32\ADVAPI32.dll
0x00007ffa23ce0000 - 0x00007ffa23d88000 	C:\WINDOWS\System32\sechost.dll
0x00007ffa21900000 - 0x00007ffa21928000 	C:\WINDOWS\System32\bcrypt.dll
0x00007ffa22940000 - 0x00007ffa22a55000 	C:\WINDOWS\System32\RPCRT4.dll
0x00007ffa16a20000 - 0x00007ffa16a54000 	C:\WINDOWS\SYSTEM32\WINMM.dll
0x00007ffa10bb0000 - 0x00007ffa10bb9000 	C:\WINDOWS\SYSTEM32\WSOCK32.dll
0x00007ffa10760000 - 0x00007ffa1076a000 	C:\WINDOWS\SYSTEM32\VERSION.dll
0x00007ffa22200000 - 0x00007ffa22271000 	C:\WINDOWS\System32\WS2_32.dll
0x00007ffa20790000 - 0x00007ffa207a8000 	C:\WINDOWS\SYSTEM32\kernel.appcore.dll
0x00007ffa1dd10000 - 0x00007ffa1dd1a000 	C:\Program Files\Android\Android Studio\jbr\bin\jimage.dll
0x00007ffa1f0e0000 - 0x00007ffa1f313000 	C:\WINDOWS\SYSTEM32\DBGHELP.DLL
0x00007ffa224a0000 - 0x00007ffa22828000 	C:\WINDOWS\System32\combase.dll
0x00007ffa24090000 - 0x00007ffa24167000 	C:\WINDOWS\System32\OLEAUT32.dll
0x00007ffa0fd80000 - 0x00007ffa0fdb2000 	C:\WINDOWS\SYSTEM32\dbgcore.DLL
0x00007ffa21c10000 - 0x00007ffa21c8a000 	C:\WINDOWS\System32\bcryptPrimitives.dll
0x00007ffa18670000 - 0x00007ffa18695000 	C:\Program Files\Android\Android Studio\jbr\bin\java.dll

dbghelp: loaded successfully - version: 4.0.5 - missing functions: none
symbol engine: initialized successfully - sym options: 0x614 - pdb path: .;C:\Program Files\Android\Android Studio\jbr\bin;C:\WINDOWS\SYSTEM32;C:\Program Files\Avast Software\Avast;C:\WINDOWS\WinSxS\amd64_microsoft.windows.common-controls_6595b64144ccf1df_6.0.22621.3235_none_270f74e173860f98;C:\Program Files\Android\Android Studio\jbr\bin\server

VM Arguments:
java_command: org.jetbrains.kotlin.cli.jvm.K2JVMCompiler @E:\Apps\kulinar\app\build\20240406_14611902000439490604.compiler.options
java_class_path (initial): C:\Users\Пользователь\.gradle\caches\modules-2\files-2.1\org.jetbrains.kotlin\kotlin-compiler-embeddable\1.9.10\57ca1b0823ae3ecb451a97e1f8e6de0b19ea5294\kotlin-compiler-embeddable-1.9.10.jar;C:\Users\Пользователь\.gradle\caches\modules-2\files-2.1\org.jetbrains.kotlin\kotlin-stdlib\1.9.10\72812e8a368917ab5c0a5081b56915ffdfec93b7\kotlin-stdlib-1.9.10.jar;C:\Users\Пользователь\.gradle\caches\modules-2\files-2.1\org.jetbrains.kotlin\kotlin-script-runtime\1.9.10\398513a8534701579cccaf5953ea914416b4696c\kotlin-script-runtime-1.9.10.jar;C:\Users\Пользователь\.gradle\caches\modules-2\files-2.1\org.jetbrains.kotlin\kotlin-reflect\1.6.10\1cbe9c92c12a94eea200d23c2bbaedaf3daf5132\kotlin-reflect-1.6.10.jar;C:\Users\Пользователь\.gradle\caches\modules-2\files-2.1\org.jetbrains.kotlin\kotlin-daemon-embeddable\1.9.10\bda2f7daa6b89d2ded2d9e1e0b0cadaf9446ade1\kotlin-daemon-embeddable-1.9.10.jar;C:\Users\Пользователь\.gradle\caches\modules-2\files-2.1\org.jetbrains.intellij.deps\trove4j\1.0.20200330\3afb14d5f9ceb459d724e907a21145e8ff394f02\trove4j-1.0.20200330.jar;C:\Users\Пользователь\.gradle\caches\modules-2\files-2.1\org.jetbrains.kotlin\kotlin-stdlib-common\1.9.10\dafaf2c27f27c09220cee312df10917d9a5d97ce\kotlin-stdlib-common-1.9.10.jar;C:\Users\Пользователь\.gradle\caches\modules-2\files-2.1\org.jetbrains\annotations\13.0\919f0dfe192fb4e063e7dacadee7f8bb9a2672a9\annotations-13.0.jar
Launcher Type: SUN_STANDARD

[Global flags]
     intx CICompilerCount                          = 4                                         {product} {ergonomic}
     uint ConcGCThreads                            = 3                                         {product} {ergonomic}
     uint G1ConcRefinementThreads                  = 10                                        {product} {ergonomic}
   size_t G1HeapRegionSize                         = 2097152                                   {product} {ergonomic}
    uintx GCDrainStackTargetSize                   = 64                                        {product} {ergonomic}
   size_t InitialHeapSize                          = 266338304                                 {product} {ergonomic}
   size_t MarkStackSize                            = 4194304                                   {product} {ergonomic}
   size_t MaxHeapSize                              = 4238344192                                {product} {ergonomic}
   size_t MinHeapDeltaBytes                        = 2097152                                   {product} {ergonomic}
   size_t MinHeapSize                              = 8388608                                   {product} {ergonomic}
    uintx NonNMethodCodeHeapSize                   = 5839372                                {pd product} {ergonomic}
    uintx NonProfiledCodeHeapSize                  = 122909434                              {pd product} {ergonomic}
    uintx ProfiledCodeHeapSize                     = 122909434                              {pd product} {ergonomic}
    uintx ReservedCodeCacheSize                    = 251658240                              {pd product} {ergonomic}
     bool SegmentedCodeCache                       = true                                      {product} {ergonomic}
   size_t SoftMaxHeapSize                          = 4238344192                             {manageable} {ergonomic}
     bool UseCompressedClassPointers               = true                           {product lp64_product} {ergonomic}
     bool UseCompressedOops                        = true                           {product lp64_product} {ergonomic}
     bool UseG1GC                                  = true                                      {product} {ergonomic}
     bool UseLargePagesIndividualAllocation        = false                                  {pd product} {ergonomic}

Logging:
Log output configuration:
 #0: stdout all=warning uptime,level,tags
 #1: stderr all=off uptime,level,tags

Environment Variables:
PATH=C:\Program Files\Python312\Scripts\;C:\Program Files\Python312\;C:\Program Files\Common Files\Oracle\Java\javapath;C:\ProgramData\Oracle\Java\javapath;C:\Program Files (x86)\Common Files\Oracle\Java\javapath;C:\TDM-GCC-64\bin;E:\;C:\ProgramData\chocolatey\bin;C:\Program Files\Wolfram Research\WolframScript\;C:\Program Files (x86)\Microsoft SQL Server\160\Tools\Binn\;C:\Program Files\Microsoft SQL Server\160\Tools\Binn\;C:\Program Files\Microsoft SQL Server\Client SDK\ODBC\170\Tools\Binn\;C:\Program Files\Microsoft SQL Server\160\DTS\Binn\;C:\Program Files (x86)\Microsoft SQL Server\160\DTS\Binn\;C:\Program Files\Azure Data Studio\bin;C:\php;;%SystemRoot%\system32;%SystemRoot%;%SystemRoot%\System32\Wbem;%SYSTEMROOT%\System32\WindowsPowerShell\v1.0\;%SYSTEMROOT%\System32\OpenSSH\;C:\Users\Пользователь\AppData\Local\Programs\Python\Launcher\;C:\Windows\System32;E:\Microsoft VS Code\bin;C:\Users\Пользователь\AppData\Roaming\npm;C:\Program Files\Azure Data Studio\bin;C:\Users\Пользователь\AppData\Local\JetBrains\Toolbox\scripts;C:\php;;%USERPROFILE%\AppData\Local\Microsoft\WindowsApps
USERNAME=Пользователь
OS=Windows_NT
PROCESSOR_IDENTIFIER=Intel64 Family 6 Model 141 Stepping 1, GenuineIntel
TMP=C:\Users\73B5~1\AppData\Local\Temp
TEMP=C:\Users\73B5~1\AppData\Local\Temp


JNI global refs:
JNI global refs: 0, weak refs: 0

JNI global refs memory usage: 0, weak refs: 0

OOME stack traces (most recent first):
Classloader memory used:


---------------  S Y S T E M  ---------------

OS:
 Windows 11 , 64 bit Build 22621 (10.0.22621.3235)
OS uptime: 4 days 2:40 hours
Hyper-V role detected

CPU: total 12 (initial active 12) (6 cores per cpu, 2 threads per core) family 6 model 141 stepping 1 microcode 0x3c, cx8, cmov, fxsr, ht, mmx, 3dnowpref, sse, sse2, sse3, ssse3, sse4.1, sse4.2, popcnt, lzcnt, tsc, tscinvbit, avx, avx2, aes, erms, clmul, bmi1, bmi2, adx, avx512f, avx512dq, avx512cd, avx512bw, avx512vl, sha, fma, vzeroupper, avx512_vpopcntdq, avx512_vpclmulqdq, avx512_vaes, avx512_vnni, clflush, clflushopt, clwb, avx512_vbmi2, avx512_vbmi, hv

Memory: 4k page, system-wide physical 16163M (675M free)
TotalPageFile size 32671M (AvailPageFile size 231M)
current process WorkingSet (physical memory assigned to process): 11M, peak: 11M
current process commit charge ("private bytes"): 64M, peak: 318M

vm_info: OpenJDK 64-Bit Server VM (17.0.7+0-b2043.56-10550314) for windows-amd64 JRE (17.0.7+0-b2043.56-10550314), built on Jul 24 2023 18:27:45 by "androidbuild" with MS VC++ 16.10 / 16.11 (VS2019)

END.
